<?xml version="1.0" encoding="UTF-8"?>
<!-- Generated by org.testng.reporters.JUnitXMLReporter -->
<testsuite ignored="0" hostname="MFHO-100003228" failures="0" tests="7" name="Default test" time="170.605" errors="0" timestamp="2022-04-05T11:00:29 IST">
  <testcase classname="com.mahindra.pennantSC.Login" name="GetTitleTest" time="0.118"/>
  <testcase classname="com.mahindra.pennantSC.Login" name="VerifyloginTest" time="4.629"/>
  <testcase classname="com.mahindra.pennantSC.Login" name="VerifySolutionFactory" time="8.293"/>
  <testcase classname="com.mahindra.pennantSC.ReadSchemFromExcel1" name="readExcel" time="46.412"/>
  <testcase classname="com.mahindra.pennantSC.CreateNewscheme" name="addnewscheme" time="24.458"/>
  <testcase classname="com.mahindra.pennantSC.AddNewScheme" name="addScheme" time="26.171"/>
  <testcase classname="com.mahindra.pennantSC.AddNewScheme" name="schemedatatwo" time="59.628"/>
</testsuite> <!-- Default test -->
