<?xml version="1.0" encoding="UTF-8"?>
<!-- Generated by org.testng.reporters.JUnitXMLReporter -->
<testsuite ignored="0" hostname="MFHO-100003228" failures="0" tests="4" name="Test" time="74.345" errors="0" timestamp="2022-03-30T12:51:56 IST">
  <testcase classname="com.mahindra.pennantSC.Login" name="GetTitleTest" time="0.117"/>
  <testcase classname="com.mahindra.pennantSC.Login" name="VerifyloginTest" time="2.466"/>
  <testcase classname="com.mahindra.pennantSC.Login" name="VerifySolutionFactory" time="6.295"/>
  <testcase classname="com.mahindra.pennantSC.ReadSchemFromExcel" name="readExcel" time="64.871"/>
</testsuite> <!-- Test -->
