<?xml version="1.0" encoding="UTF-8"?>
<testng-results ignored="0" total="7" passed="7" failed="0" skipped="0">
  <reporter-output>
  </reporter-output>
  <suite started-at="2022-04-05T10:57:38 IST" name="Default suite" finished-at="2022-04-05T11:00:28 IST" duration-ms="170605">
    <groups>
    </groups>
    <test started-at="2022-04-05T10:57:38 IST" name="Default test" finished-at="2022-04-05T11:00:28 IST" duration-ms="170605">
      <class name="com.mahindra.pennantSC.AddNewScheme">
        <test-method is-config="true" signature="Driverrun()[pri:0, instance:com.mahindra.pennantSC.AddNewScheme@6da21078]" started-at="2022-04-05T10:56:58 IST" name="Driverrun" finished-at="2022-04-05T10:57:38 IST" duration-ms="39354" status="PASS">
          <reporter-output>
          </reporter-output>
        </test-method> <!-- Driverrun -->
        <test-method signature="GetTitleTest()[pri:1, instance:com.mahindra.pennantSC.AddNewScheme@6da21078]" started-at="2022-04-05T10:57:38 IST" name="GetTitleTest" finished-at="2022-04-05T10:57:38 IST" duration-ms="118" status="PASS">
          <reporter-output>
          </reporter-output>
        </test-method> <!-- GetTitleTest -->
        <test-method signature="VerifyloginTest()[pri:2, instance:com.mahindra.pennantSC.AddNewScheme@6da21078]" started-at="2022-04-05T10:57:38 IST" name="VerifyloginTest" finished-at="2022-04-05T10:57:43 IST" duration-ms="4629" status="PASS">
          <reporter-output>
          </reporter-output>
        </test-method> <!-- VerifyloginTest -->
        <test-method signature="VerifySolutionFactory()[pri:3, instance:com.mahindra.pennantSC.AddNewScheme@6da21078]" started-at="2022-04-05T10:57:43 IST" name="VerifySolutionFactory" finished-at="2022-04-05T10:57:51 IST" duration-ms="8293" status="PASS">
          <reporter-output>
          </reporter-output>
        </test-method> <!-- VerifySolutionFactory -->
        <test-method signature="readExcel()[pri:4, instance:com.mahindra.pennantSC.AddNewScheme@6da21078]" started-at="2022-04-05T10:57:51 IST" name="readExcel" finished-at="2022-04-05T10:58:37 IST" duration-ms="46412" status="PASS">
          <reporter-output>
          </reporter-output>
        </test-method> <!-- readExcel -->
        <test-method signature="addnewscheme()[pri:5, instance:com.mahindra.pennantSC.AddNewScheme@6da21078]" started-at="2022-04-05T10:58:37 IST" name="addnewscheme" finished-at="2022-04-05T10:59:02 IST" duration-ms="24458" status="PASS">
          <reporter-output>
          </reporter-output>
        </test-method> <!-- addnewscheme -->
        <test-method signature="addScheme()[pri:6, instance:com.mahindra.pennantSC.AddNewScheme@6da21078]" started-at="2022-04-05T10:59:02 IST" name="addScheme" finished-at="2022-04-05T10:59:28 IST" duration-ms="26171" status="PASS">
          <reporter-output>
          </reporter-output>
        </test-method> <!-- addScheme -->
        <test-method signature="schemedatatwo()[pri:7, instance:com.mahindra.pennantSC.AddNewScheme@6da21078]" started-at="2022-04-05T10:59:28 IST" name="schemedatatwo" finished-at="2022-04-05T11:00:28 IST" duration-ms="59628" status="PASS">
          <reporter-output>
          </reporter-output>
        </test-method> <!-- schemedatatwo -->
        <test-method is-config="true" signature="closeBrowser()[pri:0, instance:com.mahindra.pennantSC.AddNewScheme@6da21078]" started-at="2022-04-05T11:00:28 IST" name="closeBrowser" finished-at="2022-04-05T11:00:28 IST" duration-ms="817" status="PASS">
          <reporter-output>
          </reporter-output>
        </test-method> <!-- closeBrowser -->
      </class> <!-- com.mahindra.pennantSC.AddNewScheme -->
    </test> <!-- Default test -->
  </suite> <!-- Default suite -->
</testng-results>
